<?xml version="1.0" encoding="UTF-8"?>
<!-- Generated by org.testng.reporters.JUnitReportReporter -->
<testsuite hostname="DESKTOP-99N73JI" failures="0" tests="1" name="mproj.mproj.loginpage" time="11.916" errors="0" timestamp="2021-11-15T14:15:46 IST" skipped="0">
  <testcase classname="mproj.mproj.loginpage" name="clickonlogin" time="11.916"/>
  <system-out/>
</testsuite> <!-- mproj.mproj.loginpage -->
